TN:
SF:src\models\User.js
FN:5,(anonymous_0)
FN:11,(anonymous_1)
FN:18,(anonymous_2)
FN:27,(anonymous_3)
FN:38,(anonymous_4)
FN:44,(anonymous_5)
FNF:6
FNH:5
FNDA:9,(anonymous_0)
FNDA:9,(anonymous_1)
FNDA:9,(anonymous_2)
FNDA:8,(anonymous_3)
FNDA:8,(anonymous_4)
FNDA:0,(anonymous_5)
DA:2,1
DA:6,9
DA:7,8
DA:12,9
DA:13,8
DA:14,7
DA:19,9
DA:20,9
DA:21,1
DA:23,8
DA:28,8
DA:29,1
DA:33,7
DA:34,7
DA:39,8
DA:40,8
DA:45,0
DA:49,1
LF:18
LH:17
BRDA:5,0,0,9
BRDA:20,1,0,1
BRDA:20,1,1,8
BRDA:28,2,0,1
BRDA:28,2,1,7
BRF:5
BRH:5
end_of_record
TN:
SF:src\services\authService.js
FN:9,loadUsers
FN:15,saveUsers
FN:20,findUser
FN:22,(anonymous_3)
FN:26,login
FN:35,createUser
FN:50,changePassword
FNF:7
FNH:7
FNDA:29,loadUsers
FNDA:8,saveUsers
FNDA:16,findUser
FNDA:5,(anonymous_3)
FNDA:3,login
FNDA:10,createUser
FNDA:3,changePassword
DA:1,1
DA:2,1
DA:3,1
DA:4,1
DA:6,1
DA:10,29
DA:11,29
DA:16,8
DA:21,16
DA:22,16
DA:27,3
DA:28,3
DA:29,1
DA:31,2
DA:36,10
DA:39,10
DA:40,1
DA:43,9
DA:44,7
DA:45,7
DA:46,7
DA:51,3
DA:52,3
DA:54,3
DA:55,1
DA:59,2
DA:60,1
DA:63,1
DA:64,1
DA:65,1
DA:68,1
LF:31
LH:31
BRDA:28,0,0,1
BRDA:28,0,1,2
BRDA:28,1,0,3
BRDA:28,1,1,1
BRDA:39,2,0,1
BRDA:39,2,1,9
BRDA:54,3,0,1
BRDA:54,3,1,2
BRDA:54,4,0,3
BRDA:54,4,1,3
BRDA:59,5,0,1
BRDA:59,5,1,1
BRF:12
BRH:12
end_of_record
